20:49:59:328  INFO 31508 --- [item-service] [main] com.hmall.item.ItemApplication           : The following 1 profile is active: "local"
20:49:59:998  INFO 31508 --- [item-service] [main] o.s.cloud.context.scope.GenericScope     : BeanFactory id=ab3944bb-2f40-3cf8-aa20-15eb480fc349
20:50:00:260  WARN 31508 --- [item-service] [main] trationDelegate$BeanPostProcessorChecker : Bean 'org.springframework.cloud.client.loadbalancer.LoadBalancerAutoConfiguration$DeferringLoadBalancerInterceptorConfig' of type [org.springframework.cloud.client.loadbalancer.LoadBalancerAutoConfiguration$DeferringLoadBalancerInterceptorConfig] is not eligible for getting processed by all BeanPostProcessors (for example: not eligible for auto-proxying). The currently created BeanPostProcessor [lbRestClientPostProcessor] is declared through a non-static factory method on that class; consider declaring it as static instead.
20:50:00:265  WARN 31508 --- [item-service] [main] trationDelegate$BeanPostProcessorChecker : Bean 'deferringLoadBalancerInterceptor' of type [org.springframework.cloud.client.loadbalancer.DeferringLoadBalancerInterceptor] is not eligible for getting processed by all BeanPostProcessors (for example: not eligible for auto-proxying). Is this bean getting eagerly injected into a currently created BeanPostProcessor [lbRestClientPostProcessor]? Check the corresponding BeanPostProcessor declaration and its dependencies.
20:50:00:430  INFO 31508 --- [item-service] [main] o.s.b.w.embedded.tomcat.TomcatWebServer  : Tomcat initialized with port 8081 (http)
20:50:00:441  INFO 31508 --- [item-service] [main] o.apache.catalina.core.StandardService   : Starting service [Tomcat]
20:50:00:441  INFO 31508 --- [item-service] [main] o.apache.catalina.core.StandardEngine    : Starting Servlet engine: [Apache Tomcat/10.1.30]
20:50:00:492  INFO 31508 --- [item-service] [main] o.a.c.c.C.[Tomcat].[localhost].[/]       : Initializing Spring embedded WebApplicationContext
20:50:00:493  INFO 31508 --- [item-service] [main] w.s.c.ServletWebServerApplicationContext : Root WebApplicationContext: initialization completed in 1144 ms
20:50:00:998  INFO 31508 --- [item-service] [main] c.a.c.sentinel.SentinelWebMvcConfigurer  : [Sentinel Starter] register SentinelWebInterceptor with urlPatterns: [/**].
20:50:01:657  INFO 31508 --- [item-service] [main] o.s.b.w.embedded.tomcat.TomcatWebServer  : Tomcat started on port 8081 (http) with context path ''
20:50:01:662  INFO 31508 --- [item-service] [main] com.alibaba.nacos.client.naming          : initializer namespace from ans.namespace attribute : null
20:50:01:662  INFO 31508 --- [item-service] [main] com.alibaba.nacos.client.naming          : initializer namespace from ALIBABA_ALIWARE_NAMESPACE attribute :null
20:50:01:662  INFO 31508 --- [item-service] [main] com.alibaba.nacos.client.naming          : initializer namespace from namespace attribute :null
20:50:01:667  INFO 31508 --- [item-service] [main] com.alibaba.nacos.client.naming          : FailoverDataSource type is class com.alibaba.nacos.client.naming.backups.datasource.DiskFailoverDataSource
20:50:01:670  INFO 31508 --- [item-service] [main] c.a.n.p.a.s.c.ClientAuthPluginManager    : [ClientAuthPluginManager] Load ClientAuthService com.alibaba.nacos.client.auth.impl.NacosClientAuthServiceImpl success.
20:50:01:670  INFO 31508 --- [item-service] [main] c.a.n.p.a.s.c.ClientAuthPluginManager    : [ClientAuthPluginManager] Load ClientAuthService com.alibaba.nacos.client.auth.ram.RamClientAuthServiceImpl success.
20:50:01:674  INFO 31508 --- [item-service] [main] com.alibaba.nacos.common.remote.client   : [RpcClientFactory] create a new rpc client of 60e2b24b-8109-4885-9881-ac4fd6ab1481
20:50:01:676  INFO 31508 --- [item-service] [main] com.alibaba.nacos.client.naming          : Create naming rpc client for uuid->60e2b24b-8109-4885-9881-ac4fd6ab1481
20:50:01:676  INFO 31508 --- [item-service] [main] com.alibaba.nacos.common.remote.client   : [60e2b24b-8109-4885-9881-ac4fd6ab1481] RpcClient init, ServerListFactory = com.alibaba.nacos.client.naming.core.ServerListManager
20:50:01:676  INFO 31508 --- [item-service] [main] com.alibaba.nacos.common.remote.client   : [60e2b24b-8109-4885-9881-ac4fd6ab1481] Registry connection listener to current client:com.alibaba.nacos.client.naming.remote.gprc.redo.NamingGrpcRedoService
20:50:01:676  INFO 31508 --- [item-service] [main] com.alibaba.nacos.common.remote.client   : [60e2b24b-8109-4885-9881-ac4fd6ab1481] Register server push request handler:com.alibaba.nacos.client.naming.remote.gprc.NamingPushRequestHandler
20:50:01:676  INFO 31508 --- [item-service] [main] com.alibaba.nacos.common.remote.client   : [60e2b24b-8109-4885-9881-ac4fd6ab1481] Try to connect to server on start up, server: {serverIp = '192.168.35.132', server main port = 8848}
20:50:01:677  INFO 31508 --- [item-service] [main] c.a.n.c.remote.client.grpc.GrpcClient    : grpc client connection server:192.168.35.132 ip,serverPort:9848,grpcTslConfig:{"sslProvider":"","enableTls":false,"mutualAuthEnable":false,"trustAll":false}
20:50:01:793  INFO 31508 --- [item-service] [main] com.alibaba.nacos.common.remote.client   : [60e2b24b-8109-4885-9881-ac4fd6ab1481] Success to connect to server [192.168.35.132:8848] on start up, connectionId = 1770382195068_192.168.35.1_58394
20:50:01:793  INFO 31508 --- [item-service] [main] com.alibaba.nacos.common.remote.client   : [60e2b24b-8109-4885-9881-ac4fd6ab1481] Register server push request handler:com.alibaba.nacos.common.remote.client.RpcClient$ConnectResetRequestHandler
20:50:01:793  INFO 31508 --- [item-service] [com.alibaba.nacos.client.remote.worker.0] com.alibaba.nacos.common.remote.client   : [60e2b24b-8109-4885-9881-ac4fd6ab1481] Notify connected event to listeners.
20:50:01:793  INFO 31508 --- [item-service] [main] com.alibaba.nacos.common.remote.client   : [60e2b24b-8109-4885-9881-ac4fd6ab1481] Register server push request handler:com.alibaba.nacos.common.remote.client.RpcClient$$Lambda/0x0000014a81517678
20:50:01:793  INFO 31508 --- [item-service] [com.alibaba.nacos.client.remote.worker.0] com.alibaba.nacos.client.naming          : Grpc connection connect
20:50:01:794  INFO 31508 --- [item-service] [main] com.alibaba.nacos.client.naming          : [REGISTER-SERVICE] public registering service item-service with instance Instance{instanceId='null', ip='192.168.106.1', port=8081, weight=1.0, healthy=true, enabled=true, ephemeral=true, clusterName='', serviceName='null', metadata={IPv6=[2409:8a50:4e42:5521:c406:8343:307e:2], preserved.register.source=SPRING_CLOUD}}
20:50:01:809  INFO 31508 --- [item-service] [main] c.a.c.n.registry.NacosServiceRegistry    : nacos registry, DEFAULT_GROUP item-service 192.168.106.1:8081 register finished
20:50:01:821  INFO 31508 --- [item-service] [main] com.hmall.item.ItemApplication           : Started ItemApplication in 4.115 seconds (process running for 4.775)
20:50:01:825  INFO 31508 --- [item-service] [main] c.a.nacos.client.config.impl.CacheData   : config listener notify warn timeout millis use default 60000 millis 
20:50:01:825  INFO 31508 --- [item-service] [main] c.a.nacos.client.config.impl.CacheData   : nacos.cache.data.init.snapshot = true 
20:50:01:825  INFO 31508 --- [item-service] [main] c.a.n.client.config.impl.ClientWorker    : [fixed-192.168.35.132_8848] [subscribe] item-service.yaml+DEFAULT_GROUP
20:50:01:833  INFO 31508 --- [item-service] [main] c.a.nacos.client.config.impl.CacheData   : [fixed-192.168.35.132_8848] [add-listener] ok, tenant=, dataId=item-service.yaml, group=DEFAULT_GROUP, cnt=1
20:50:01:833  INFO 31508 --- [item-service] [main] c.a.c.n.refresh.NacosContextRefresher    : [Nacos Config] Listening config: dataId=item-service.yaml, group=DEFAULT_GROUP
20:50:01:833  INFO 31508 --- [item-service] [main] c.a.n.client.config.impl.ClientWorker    : [fixed-192.168.35.132_8848] [subscribe] item-service-local.yaml+DEFAULT_GROUP
20:50:01:833  INFO 31508 --- [item-service] [main] c.a.nacos.client.config.impl.CacheData   : [fixed-192.168.35.132_8848] [add-listener] ok, tenant=, dataId=item-service-local.yaml, group=DEFAULT_GROUP, cnt=1
20:50:01:833  INFO 31508 --- [item-service] [main] c.a.c.n.refresh.NacosContextRefresher    : [Nacos Config] Listening config: dataId=item-service-local.yaml, group=DEFAULT_GROUP
20:50:01:834  INFO 31508 --- [item-service] [main] c.a.n.client.config.impl.ClientWorker    : [fixed-192.168.35.132_8848] [subscribe] item-service+DEFAULT_GROUP
20:50:01:834  INFO 31508 --- [item-service] [main] c.a.nacos.client.config.impl.CacheData   : [fixed-192.168.35.132_8848] [add-listener] ok, tenant=, dataId=item-service, group=DEFAULT_GROUP, cnt=1
20:50:01:834  INFO 31508 --- [item-service] [main] c.a.c.n.refresh.NacosContextRefresher    : [Nacos Config] Listening config: dataId=item-service, group=DEFAULT_GROUP
20:51:31:339  INFO 31508 --- [item-service] [http-nio-8081-exec-1] o.a.c.c.C.[Tomcat].[localhost].[/]       : Initializing Spring DispatcherServlet 'dispatcherServlet'
20:51:31:340  INFO 31508 --- [item-service] [http-nio-8081-exec-1] o.s.web.servlet.DispatcherServlet        : Initializing Servlet 'dispatcherServlet'
20:51:31:342  INFO 31508 --- [item-service] [http-nio-8081-exec-1] o.s.web.servlet.DispatcherServlet        : Completed initialization in 2 ms
20:51:31:546  INFO 31508 --- [item-service] [http-nio-8081-exec-1] com.zaxxer.hikari.HikariDataSource       : HikariPool-1 - Starting...
20:51:31:825  INFO 31508 --- [item-service] [http-nio-8081-exec-1] com.zaxxer.hikari.pool.HikariPool        : HikariPool-1 - Added connection com.mysql.cj.jdbc.ConnectionImpl@6eda5976
20:51:31:826  INFO 31508 --- [item-service] [http-nio-8081-exec-1] com.zaxxer.hikari.HikariDataSource       : HikariPool-1 - Start completed.
20:51:31:832 DEBUG 31508 --- [item-service] [http-nio-8081-exec-1] c.h.item.mapper.ItemMapper.selectByIds   : ==>  Preparing: SELECT id,name,price,stock,image,category,brand,spec,sold,comment_count,isAD,status,create_time,update_time,creater,updater FROM item WHERE id IN ( ? )
20:51:31:851 DEBUG 31508 --- [item-service] [http-nio-8081-exec-1] c.h.item.mapper.ItemMapper.selectByIds   : ==> Parameters: 100000003145(Long)
20:51:31:876 DEBUG 31508 --- [item-service] [http-nio-8081-exec-1] c.h.item.mapper.ItemMapper.selectByIds   : <==      Total: 1
20:53:47:368 DEBUG 31508 --- [item-service] [http-nio-8081-exec-3] c.h.item.mapper.ItemMapper.selectList    : ==>  Preparing: SELECT id,name,price,stock,image,category,brand,spec,sold,comment_count,isAD,status,create_time,update_time,creater,updater FROM item WHERE (status = ?)
20:53:47:370 DEBUG 31508 --- [item-service] [http-nio-8081-exec-3] c.h.item.mapper.ItemMapper.selectList    : ==> Parameters: 1(Integer)
20:53:50:632 DEBUG 31508 --- [item-service] [http-nio-8081-exec-4] c.h.item.mapper.ItemMapper.selectByIds   : ==>  Preparing: SELECT id,name,price,stock,image,category,brand,spec,sold,comment_count,isAD,status,create_time,update_time,creater,updater FROM item WHERE id IN ( ? , ? )
20:53:50:633 DEBUG 31508 --- [item-service] [http-nio-8081-exec-4] c.h.item.mapper.ItemMapper.selectByIds   : ==> Parameters: 100000004580(Long), 100000003145(Long)
20:53:50:637 DEBUG 31508 --- [item-service] [http-nio-8081-exec-4] c.h.item.mapper.ItemMapper.selectByIds   : <==      Total: 2
20:53:52:271 DEBUG 31508 --- [item-service] [http-nio-8081-exec-3] c.h.item.mapper.ItemMapper.selectList    : <==      Total: 88475
20:53:53:684 DEBUG 31508 --- [item-service] [http-nio-8081-exec-5] c.h.item.mapper.ItemMapper.selectByIds   : ==>  Preparing: SELECT id,name,price,stock,image,category,brand,spec,sold,comment_count,isAD,status,create_time,update_time,creater,updater FROM item WHERE id IN ( ? , ? )
20:53:53:684 DEBUG 31508 --- [item-service] [http-nio-8081-exec-5] c.h.item.mapper.ItemMapper.selectByIds   : ==> Parameters: 100000004580(Long), 100000003145(Long)
20:53:53:691 DEBUG 31508 --- [item-service] [http-nio-8081-exec-5] c.h.item.mapper.ItemMapper.selectByIds   : <==      Total: 2
20:53:53:868  WARN 31508 --- [item-service] [http-nio-8081-exec-6] c.h.item.service.impl.ItemServiceImpl    : SqlSession [org.apache.ibatis.session.defaults.DefaultSqlSession@6d259245] Transaction not enabled
20:53:53:872 DEBUG 31508 --- [item-service] [http-nio-8081-exec-6] c.h.item.mapper.ItemMapper.updateStock   : ==>  Preparing: UPDATE item SET stock = stock - ? WHERE id = ?
20:53:53:873 DEBUG 31508 --- [item-service] [http-nio-8081-exec-6] c.h.item.mapper.ItemMapper.updateStock   : ==> Parameters: 1(Integer), 100000003145(Long)
20:53:53:874 DEBUG 31508 --- [item-service] [http-nio-8081-exec-6] c.h.item.mapper.ItemMapper.updateStock   : ==> Parameters: 1(Integer), 100000004580(Long)
20:53:54:687  WARN 31508 --- [item-service] [http-nio-8081-exec-3] .w.s.m.s.DefaultHandlerExceptionResolver : Resolved [org.springframework.web.context.request.async.AsyncRequestNotUsableException: ServletOutputStream failed to write: java.io.IOException: 你的主机中的软件中止了一个已建立的连接。]
